[dotenv@17.3.1] injecting env (8) from .env.local -- tip: ≡ƒ¢á∩╕Å  run anywhere with `dotenvx run -- yourcommand`
E:\AA SAAS\Salon\salon-booking\node_modules\@prisma\client\src\runtime\getPrismaClient.ts:320
        throw new PrismaClientInitializationError(
              ^


PrismaClientInitializationError: `PrismaClient` needs to be constructed with a non-empty, valid `PrismaClientOptions`:

```
new PrismaClient({
  ...
})
```

or

```
constructor() {
  super({ ... });
}
```
          
    at new t (E:\AA SAAS\Salon\salon-booking\node_modules\@prisma\client\src\runtime\getPrismaClient.ts:320:15)
    at <anonymous> (E:\AA SAAS\Salon\salon-booking\prisma\seed.ts:7:16)
    at Object.<anonymous> (E:\AA SAAS\Salon\salon-booking\prisma\seed.ts:220:4)
    at Module._compile (node:internal/modules/cjs/loader:1730:14)
    at Object.transformer (C:\Users\LENOVO\AppData\Local\npm-cache\_npx\fd45a72a545557e9\node_modules\tsx\dist\register-D46fvsV_.cjs:3:1104)
    at Module.load (node:internal/modules/cjs/loader:1465:32)
    at Function._load (node:internal/modules/cjs/loader:1282:12)
    at TracingChannel.traceSync (node:diagnostics_channel:322:14)
    at wrapModuleLoad (node:internal/modules/cjs/loader:235:24)
    at cjsLoader (node:internal/modules/esm/translators:266:5) {
  clientVersion: '7.6.0',
  errorCode: undefined,
  retryable: undefined
}

Node.js v22.17.0
